c:\users\kevin\onedrive\desktop\csgo_dll_loader\release\vc143.pdb
c:\users\kevin\onedrive\desktop\csgo_dll_loader\release\ui.obj
c:\users\kevin\onedrive\desktop\csgo_dll_loader\release\main.obj
c:\users\kevin\onedrive\desktop\csgo_dll_loader\release\imgui_widgets.obj
c:\users\kevin\onedrive\desktop\csgo_dll_loader\release\imgui_tables.obj
c:\users\kevin\onedrive\desktop\csgo_dll_loader\release\imgui_impl_win32.obj
c:\users\kevin\onedrive\desktop\csgo_dll_loader\release\imgui_impl_dx9.obj
c:\users\kevin\onedrive\desktop\csgo_dll_loader\release\imgui_draw.obj
c:\users\kevin\onedrive\desktop\csgo_dll_loader\release\imgui_demo.obj
c:\users\kevin\onedrive\desktop\csgo_dll_loader\release\imgui.obj
c:\users\kevin\onedrive\desktop\csgo_dll_loader\release\loader.exe
c:\users\kevin\onedrive\desktop\csgo_dll_loader\release\loader.pdb
c:\users\kevin\onedrive\desktop\csgo_dll_loader\release\loader.ipdb
c:\users\kevin\onedrive\desktop\csgo_dll_loader\release\loader.iobj
c:\users\kevin\onedrive\desktop\csgo_dll_loader\release\loader.tlog\cl.command.1.tlog
c:\users\kevin\onedrive\desktop\csgo_dll_loader\release\loader.tlog\cl.read.1.tlog
c:\users\kevin\onedrive\desktop\csgo_dll_loader\release\loader.tlog\cl.write.1.tlog
c:\users\kevin\onedrive\desktop\csgo_dll_loader\release\loader.tlog\link.command.1.tlog
c:\users\kevin\onedrive\desktop\csgo_dll_loader\release\loader.tlog\link.read.1.tlog
c:\users\kevin\onedrive\desktop\csgo_dll_loader\release\loader.tlog\link.write.1.tlog
c:\users\kevin\onedrive\desktop\csgo_dll_loader\release\loader.tlog\loader.write.1u.tlog
